2024-09-06 08:56:01,018 - INFO - Number of male students: Ellipsis
2024-09-06 08:56:01,018 - INFO - Number of female students: Ellipsis
2024-09-06 08:56:01,019 - INFO - Names with special characters: Ellipsis
2024-09-06 08:56:55,434 - INFO - Number of male students: Ellipsis
2024-09-06 08:56:55,434 - INFO - Number of female students: Ellipsis
2024-09-06 08:56:55,434 - INFO - Names with special characters: Ellipsis
2024-09-06 08:59:09,583 - INFO - Number of male students: Ellipsis
2024-09-06 08:59:09,583 - INFO - Number of female students: Ellipsis
2024-09-06 08:59:09,583 - INFO - Names with special characters: Ellipsis
2024-09-06 08:59:59,064 - INFO - Number of male students: Ellipsis
2024-09-06 08:59:59,065 - INFO - Number of female students: Ellipsis
2024-09-06 08:59:59,065 - INFO - Names with special characters: Ellipsis
2024-09-06 09:01:04,231 - INFO - Number of male students: Ellipsis
2024-09-06 09:01:04,232 - INFO - Number of female students: Ellipsis
2024-09-06 09:01:04,232 - INFO - Names with special characters: Ellipsis
2024-09-06 09:01:26,348 - INFO - Number of male students: Ellipsis
2024-09-06 09:01:26,349 - INFO - Number of female students: Ellipsis
2024-09-06 09:01:26,349 - INFO - Names with special characters: Ellipsis
2024-09-06 09:02:24,000 - INFO - Number of male students: Ellipsis
2024-09-06 09:02:24,000 - INFO - Number of female students: Ellipsis
2024-09-06 09:02:24,000 - INFO - Names with special characters: Ellipsis
2024-09-06 09:03:08,128 - INFO - Number of male students: Ellipsis
2024-09-06 09:03:08,128 - INFO - Number of female students: Ellipsis
2024-09-06 09:03:08,128 - INFO - Names with special characters: Ellipsis
2024-09-06 09:15:13,780 - INFO - Number of male students: Ellipsis
2024-09-06 09:15:13,780 - INFO - Number of female students: Ellipsis
2024-09-06 09:15:13,780 - INFO - Names with special characters: Ellipsis
2024-09-06 09:21:27,013 - INFO - Number of male students: Ellipsis
2024-09-06 09:21:27,013 - INFO - Number of female students: Ellipsis
2024-09-06 09:21:27,013 - INFO - Names with special characters: Ellipsis
2024-09-06 09:24:10,887 - INFO - Total Male Students: 40
2024-09-06 09:24:10,888 - INFO - Total Female Students: 24
2024-09-06 09:24:10,889 - INFO - Students with special characters: ['Abwoga, Adrian Jared Paul', "Akong'o, Shanelle Hilda Anyango", "Ang'edu, Jude Ocomil", 'Arunga, Kyla Neema', 'Atenya, Anthony Magunga Ikobwa', 'Budembeshe, Moses Kasuni', 'Dessalegn, Kalid Geleta', 'Epetet, Keith Lokwei', 'Ger, David Otieno', 'Githinji, Don Moses Thigiti', 'Haji, Ashir Ali', 'Hassan, Fardowsa Abduhakim', 'Ismail, Ruweida Ali', 'Johnson, Myles Adebayo', 'Kamau, Ann Mumbi', 'Kangethe, Sharon Wanjiru', 'Karanu, Neema Muthoni', 'Kiarie, Samuel Ndungu', 'Kihara, Shannon Kendi', 'Kimutai, Peter Kibet', 'Kinyua, Victor Mfana', 'Kirema, Ian Muteithia', 'Kithae, Eric Muriithi', 'Korir, Kevin Kimutai', 'Kwoba, Alex Wafula', 'Maritim, Kelvin Kipngeno', 'Masaka, Zivai Takadiwa David', 'Mohamed, Ally Mahamud', 'Morekwa, David Nyamongo', 'Mugambi, Kelvin Karani', 'Muhia, Victor Mwaura', 'Muiyuro, Natasha Waithira', 'Muli, Grace Kanini', 'Muroki, Mark Gichuhi', 'Mutaki, Ruby Mbete', 'Mutua, Franklin Karanja', 'Mutunga, Eric Kiamba', 'Mutunga, Patience Kamanthe', 'Mwanda, George Josiah', 'Nabaala, Andrew Kasaine', 'Naibei, Monicah', 'Ndambiri, Yvonne Nyambura', 'Ndungu, Sarah Laura Wangari', "Ng'ang'a, Ian Mutuge", 'Ngeno, Alvin Kipkurui', 'Ngigi, Michael Macharia', 'Njuguna, Elizabeth Njoki', 'Nugi, Andrew Kiarie', 'Nyambura, Erica', 'Nzioki, Maureen Mutete', 'Ochanda, Steven Joel Jona', 'Ogutu, Brenda Mary Anyango', 'Ombeni, Mwenzangu Faraja', 'Ombongi, Caleb Magare', "Orony, Charis Ng'wono", 'Owens, Nicole Owens', 'Patel, Jay Hirji', 'Tonui, Martin', 'Tum, Bramwel Kipchirchir', 'Wachira, Joy Muthoni', 'Wakaba, Rosemary Njeri', 'Wanjao, Louis Mbugua', "Waweru, Monika Ng'endo", 'Waweru, Trevor Kariuki']
2024-09-06 09:24:10,906 - INFO - Number of male students: Ellipsis
2024-09-06 09:24:10,906 - INFO - Number of female students: Ellipsis
2024-09-06 09:24:10,906 - INFO - Names with special characters: Ellipsis
2024-09-06 09:26:23,734 - INFO - Total Male Students: 40
2024-09-06 09:26:23,734 - INFO - Total Female Students: 24
2024-09-06 09:26:23,735 - INFO - Students with special characters: ['Abwoga, Adrian Jared Paul', "Akong'o, Shanelle Hilda Anyango", "Ang'edu, Jude Ocomil", 'Arunga, Kyla Neema', 'Atenya, Anthony Magunga Ikobwa', 'Budembeshe, Moses Kasuni', 'Dessalegn, Kalid Geleta', 'Epetet, Keith Lokwei', 'Ger, David Otieno', 'Githinji, Don Moses Thigiti', 'Haji, Ashir Ali', 'Hassan, Fardowsa Abduhakim', 'Ismail, Ruweida Ali', 'Johnson, Myles Adebayo', 'Kamau, Ann Mumbi', 'Kangethe, Sharon Wanjiru', 'Karanu, Neema Muthoni', 'Kiarie, Samuel Ndungu', 'Kihara, Shannon Kendi', 'Kimutai, Peter Kibet', 'Kinyua, Victor Mfana', 'Kirema, Ian Muteithia', 'Kithae, Eric Muriithi', 'Korir, Kevin Kimutai', 'Kwoba, Alex Wafula', 'Maritim, Kelvin Kipngeno', 'Masaka, Zivai Takadiwa David', 'Mohamed, Ally Mahamud', 'Morekwa, David Nyamongo', 'Mugambi, Kelvin Karani', 'Muhia, Victor Mwaura', 'Muiyuro, Natasha Waithira', 'Muli, Grace Kanini', 'Muroki, Mark Gichuhi', 'Mutaki, Ruby Mbete', 'Mutua, Franklin Karanja', 'Mutunga, Eric Kiamba', 'Mutunga, Patience Kamanthe', 'Mwanda, George Josiah', 'Nabaala, Andrew Kasaine', 'Naibei, Monicah', 'Ndambiri, Yvonne Nyambura', 'Ndungu, Sarah Laura Wangari', "Ng'ang'a, Ian Mutuge", 'Ngeno, Alvin Kipkurui', 'Ngigi, Michael Macharia', 'Njuguna, Elizabeth Njoki', 'Nugi, Andrew Kiarie', 'Nyambura, Erica', 'Nzioki, Maureen Mutete', 'Ochanda, Steven Joel Jona', 'Ogutu, Brenda Mary Anyango', 'Ombeni, Mwenzangu Faraja', 'Ombongi, Caleb Magare', "Orony, Charis Ng'wono", 'Owens, Nicole Owens', 'Patel, Jay Hirji', 'Tonui, Martin', 'Tum, Bramwel Kipchirchir', 'Wachira, Joy Muthoni', 'Wakaba, Rosemary Njeri', 'Wanjao, Louis Mbugua', "Waweru, Monika Ng'endo", 'Waweru, Trevor Kariuki']
2024-09-06 09:26:23,743 - INFO - Number of male students: Ellipsis
2024-09-06 09:26:23,743 - INFO - Number of female students: Ellipsis
2024-09-06 09:26:23,743 - INFO - Names with special characters: Ellipsis
2024-09-06 09:27:34,472 - INFO - Total Male Students: 40
2024-09-06 09:27:34,472 - INFO - Total Female Students: 24
2024-09-06 09:27:34,473 - INFO - Students with special characters: ['Abwoga, Adrian Jared Paul', "Akong'o, Shanelle Hilda Anyango", "Ang'edu, Jude Ocomil", 'Arunga, Kyla Neema', 'Atenya, Anthony Magunga Ikobwa', 'Budembeshe, Moses Kasuni', 'Dessalegn, Kalid Geleta', 'Epetet, Keith Lokwei', 'Ger, David Otieno', 'Githinji, Don Moses Thigiti', 'Haji, Ashir Ali', 'Hassan, Fardowsa Abduhakim', 'Ismail, Ruweida Ali', 'Johnson, Myles Adebayo', 'Kamau, Ann Mumbi', 'Kangethe, Sharon Wanjiru', 'Karanu, Neema Muthoni', 'Kiarie, Samuel Ndungu', 'Kihara, Shannon Kendi', 'Kimutai, Peter Kibet', 'Kinyua, Victor Mfana', 'Kirema, Ian Muteithia', 'Kithae, Eric Muriithi', 'Korir, Kevin Kimutai', 'Kwoba, Alex Wafula', 'Maritim, Kelvin Kipngeno', 'Masaka, Zivai Takadiwa David', 'Mohamed, Ally Mahamud', 'Morekwa, David Nyamongo', 'Mugambi, Kelvin Karani', 'Muhia, Victor Mwaura', 'Muiyuro, Natasha Waithira', 'Muli, Grace Kanini', 'Muroki, Mark Gichuhi', 'Mutaki, Ruby Mbete', 'Mutua, Franklin Karanja', 'Mutunga, Eric Kiamba', 'Mutunga, Patience Kamanthe', 'Mwanda, George Josiah', 'Nabaala, Andrew Kasaine', 'Naibei, Monicah', 'Ndambiri, Yvonne Nyambura', 'Ndungu, Sarah Laura Wangari', "Ng'ang'a, Ian Mutuge", 'Ngeno, Alvin Kipkurui', 'Ngigi, Michael Macharia', 'Njuguna, Elizabeth Njoki', 'Nugi, Andrew Kiarie', 'Nyambura, Erica', 'Nzioki, Maureen Mutete', 'Ochanda, Steven Joel Jona', 'Ogutu, Brenda Mary Anyango', 'Ombeni, Mwenzangu Faraja', 'Ombongi, Caleb Magare', "Orony, Charis Ng'wono", 'Owens, Nicole Owens', 'Patel, Jay Hirji', 'Tonui, Martin', 'Tum, Bramwel Kipchirchir', 'Wachira, Joy Muthoni', 'Wakaba, Rosemary Njeri', 'Wanjao, Louis Mbugua', "Waweru, Monika Ng'endo", 'Waweru, Trevor Kariuki']
2024-09-06 09:27:34,487 - INFO - Number of male students: Ellipsis
2024-09-06 09:27:34,487 - INFO - Number of female students: Ellipsis
2024-09-06 09:27:34,487 - INFO - Names with special characters: Ellipsis
